<?xml version="1.0" encoding="UTF-8"?>
<!-- Generated by org.testng.reporters.JUnitXMLReporter -->
<testsuite ignored="0" hostname="MININT-AC2OSS5" failures="1" tests="5" name="QAClick" time="108.674" errors="0" timestamp="2022-03-27T02:56:31 IST">
  <testcase classname="PaceMatic.qaClickAppTests.HomePageTest" name="BasePageNavigation" time="1.699"/>
  <testcase classname="PaceMatic.qaClickAppTests.HomePageTest" name="BasePageNavigation" time="1.443"/>
  <testcase classname="PaceMatic.qaClickAppTests.HomePageTest" name="BasePageNavigation" time="1.289"/>
  <testcase classname="PaceMatic.qaClickAppTests.ValidateTitle" name="TitleTest" time="0.082"/>
  <testcase classname="PaceMatic.qaClickAppTests.ValidateNavigationBar" name="NavigationBarTest" time="0.282">
    <failure type="java.lang.AssertionError" message="expected [false] but found [true]">
      <![CDATA[java.lang.AssertionError: expected [false] but found [true]
at PaceMatic.qaClickAppTests.ValidateNavigationBar.NavigationBarTest(ValidateNavigationBar.java:35)
at java.base/java.util.ArrayList.forEach(ArrayList.java:1511)
... Removed 35 stack frames]]>
    </failure>
  </testcase> <!-- NavigationBarTest -->
</testsuite> <!-- QAClick -->
