<!DOCTYPE html PUBLIC "-//W3C//DTD XHTML 1.1//EN" "https://www.w3.org/TR/xhtml11/DTD/xhtml11.dtd">
<html xmlns="https://www.w3.org/1999/xhtml">
<head>
<meta http-equiv="content-type" content="text/html; charset=UTF-8"/>
<title>TestNG Report</title>
<style type="text/css">table {margin-bottom:10px;border-collapse:collapse;empty-cells:show}th,td {border:1px solid #009;padding:.25em .5em}th {vertical-align:bottom}td {vertical-align:top}table a {font-weight:bold}.stripe td {background-color: #E6EBF9}.num {text-align:right}.passedodd td {background-color: #3F3}.passedeven td {background-color: #0A0}.skippedodd td {background-color: #DDD}.skippedeven td {background-color: #CCC}.failedodd td,.attn {background-color: #F33}.failedeven td,.stripe .attn {background-color: #D00}.stacktrace {white-space:pre;font-family:monospace}.totop {font-size:85%;text-align:center;border-bottom:2px solid #000}.invisible {display:none}</style>
</head>
<body>
<table>
<tr><th>Test</th><th># Passed</th><th># Skipped</th><th># Retried</th><th># Failed</th><th>Time (ms)</th><th>Included Groups</th><th>Excluded Groups</th></tr>
<tr><th colspan="8">Suite</th></tr>
<tr><td><a href="#t0">OHRM</a></td><td class="num">1</td><td class="num">0</td><td class="num">0</td><td class="num attn">3</td><td class="num">77,299</td><td></td><td></td></tr>
<tr class="stripe"><td><a href="#t1">QAClick</a></td><td class="num">4</td><td class="num">0</td><td class="num">0</td><td class="num attn">1</td><td class="num">108,674</td><td></td><td></td></tr>
<tr><th colspan="8">Suite (0)</th></tr>
<tr><td><a href="#t2">Test</a></td><td class="num">5</td><td class="num">0</td><td class="num">0</td><td class="num">0</td><td class="num">134,654</td><td></td><td></td></tr>
<tr><th>Total</th><th class="num">10</th><th class="num">0</th><th class="num">0</th><th class="num attn">4</th><th class="num">320,627</th><th colspan="2"></th></tr>
</table>
<table id='summary'><thead><tr><th>Class</th><th>Method</th><th>Start</th><th>Time (ms)</th></tr></thead><tbody><tr><th colspan="4">Suite</th></tr></tbody><tbody id="t0"><tr><th colspan="4">OHRM &#8212; failed</th></tr><tr class="failedeven"><td rowspan="1">PaceMatic.OHRMAppTests.OHRMDataDrivenTest</td><td><a href="#m0">LoginDDTTest</a></td><td rowspan="1">1648329847363</td><td rowspan="1">531</td></tr><tr class="failedodd"><td rowspan="1">PaceMatic.OHRMAppTests.OHRMForgotPasswordTest</td><td><a href="#m1">ForgotPasswordTest</a></td><td rowspan="1">1648329819044</td><td rowspan="1">25733</td></tr><tr class="failedeven"><td rowspan="1">PaceMatic.OHRMAppTests.OHRMLoginLogoutTestNGTest</td><td><a href="#m2">loginLogoutTest</a></td><td rowspan="1">1648329874713</td><td rowspan="1">7376</td></tr><tr><th colspan="4">OHRM &#8212; passed</th></tr><tr class="passedeven"><td rowspan="1">PaceMatic.OHRMAppTests.OHRMLoginLogout</td><td><a href="#m3">mainMethod</a></td><td rowspan="1">1648329850070</td><td rowspan="1">12506</td></tr></tbody>
<tbody id="t1"><tr><th colspan="4">QAClick &#8212; failed</th></tr><tr class="failedeven"><td rowspan="1">PaceMatic.qaClickAppTests.ValidateNavigationBar</td><td><a href="#m4">NavigationBarTest</a></td><td rowspan="1">1648329991122</td><td rowspan="1">282</td></tr><tr><th colspan="4">QAClick &#8212; passed</th></tr><tr class="passedeven"><td rowspan="3">PaceMatic.qaClickAppTests.HomePageTest</td><td><a href="#m5">BasePageNavigation</a></td><td rowspan="3">1648329952305</td><td rowspan="3">1289</td></tr><tr class="passedeven"><td><a href="#m6">BasePageNavigation</a></td></tr><tr class="passedeven"><td><a href="#m7">BasePageNavigation</a></td></tr><tr class="passedodd"><td rowspan="1">PaceMatic.qaClickAppTests.ValidateTitle</td><td><a href="#m8">TitleTest</a></td><td rowspan="1">1648329970077</td><td rowspan="1">82</td></tr></tbody>
<tbody><tr><th colspan="4">Suite (0)</th></tr></tbody><tbody id="t2"><tr><th colspan="4">Test &#8212; passed</th></tr><tr class="passedeven"><td rowspan="5">cucumberOptions.TestRunner</td><td><a href="#m9">runScenario</a></td><td rowspan="5">1648330093656</td><td rowspan="5">32963</td></tr><tr class="passedeven"><td><a href="#m10">runScenario</a></td></tr><tr class="passedeven"><td><a href="#m11">runScenario</a></td></tr><tr class="passedeven"><td><a href="#m12">runScenario</a></td></tr><tr class="passedeven"><td><a href="#m13">runScenario</a></td></tr></tbody>
</table>
<h2>OHRM</h2><h3 id="m0">PaceMatic.OHRMAppTests.OHRMDataDrivenTest#LoginDDTTest</h3><table class="result"><tr><th>Exception</th></tr><tr><td><div class="stacktrace">java.lang.NoClassDefFoundError: org/apache/commons/io/output/UnsynchronizedByteArrayOutputStream
	at org.apache.poi.poifs.filesystem.FileMagic.valueOf(FileMagic.java:209)
	at org.apache.poi.ss.usermodel.WorkbookFactory.create(WorkbookFactory.java:222)
	at org.apache.poi.ss.usermodel.WorkbookFactory.create(WorkbookFactory.java:185)
	at commonLibraries.ExcelLibrary.LoadAllExcelData(ExcelLibrary.java:39)
	at PaceMatic.OHRMAppTests.OHRMDataDrivenTest.LoginDDTTest(OHRMDataDrivenTest.java:32)
	at java.base/java.util.ArrayList.forEach(ArrayList.java:1511)
Caused by: java.lang.ClassNotFoundException: org.apache.commons.io.output.UnsynchronizedByteArrayOutputStream
	at java.base/jdk.internal.loader.BuiltinClassLoader.loadClass(BuiltinClassLoader.java:641)
	at java.base/jdk.internal.loader.ClassLoaders$AppClassLoader.loadClass(ClassLoaders.java:188)
	at java.base/java.lang.ClassLoader.loadClass(ClassLoader.java:520)
	... 37 more
... Removed 31 stack frames</div></td></tr></table><p class="totop"><a href="#summary">back to summary</a></p>
<h3 id="m1">PaceMatic.OHRMAppTests.OHRMForgotPasswordTest#ForgotPasswordTest</h3><table class="result"><tr><th>Exception</th></tr><tr><td><div class="stacktrace">org.openqa.selenium.NoSuchElementException: no such element: Unable to locate element: {&quot;method&quot;:&quot;xpath&quot;,&quot;selector&quot;:&quot;//div[@class=&apos;message warning fadable&apos;]&quot;}
  (Session info: chrome=99.0.4844.84)
For documentation on this error, please visit: https://selenium.dev/exceptions/#no_such_element
Build info: version: &apos;4.1.2&apos;, revision: &apos;9a5a329c5a&apos;
System info: host: &apos;MININT-AC2OSS5&apos;, ip: &apos;192.168.208.1&apos;, os.name: &apos;Windows 10&apos;, os.arch: &apos;amd64&apos;, os.version: &apos;10.0&apos;, java.version: &apos;17.0.1&apos;
Driver info: org.openqa.selenium.chrome.ChromeDriver
Command: [d81951d13fd328b1604047d289b8f35b, findElement {using=xpath, value=//div[@class=&apos;message warning fadable&apos;]}]
Capabilities {acceptInsecureCerts: false, browserName: chrome, browserVersion: 99.0.4844.84, chrome: {chromedriverVersion: 99.0.4844.51 (d537ec02474b5..., userDataDir: C:\Users\VODAFO~1.MIN\AppDa...}, goog:chromeOptions: {debuggerAddress: localhost:54707}, javascriptEnabled: true, networkConnectionEnabled: false, pageLoadStrategy: normal, platform: WINDOWS, platformName: WINDOWS, proxy: Proxy(), se:cdp: ws://localhost:54707/devtoo..., se:cdpVersion: 99.0.4844.84, setWindowRect: true, strictFileInteractability: false, timeouts: {implicit: 0, pageLoad: 300000, script: 30000}, unhandledPromptBehavior: dismiss and notify, webauthn:extension:credBlob: true, webauthn:extension:largeBlob: true, webauthn:virtualAuthenticators: true}
Session ID: d81951d13fd328b1604047d289b8f35b
	at org.openqa.selenium.remote.codec.w3c.W3CHttpResponseCodec.createException(W3CHttpResponseCodec.java:200)
	at org.openqa.selenium.remote.codec.w3c.W3CHttpResponseCodec.decode(W3CHttpResponseCodec.java:133)
	at org.openqa.selenium.remote.codec.w3c.W3CHttpResponseCodec.decode(W3CHttpResponseCodec.java:53)
	at org.openqa.selenium.remote.HttpCommandExecutor.execute(HttpCommandExecutor.java:184)
	at org.openqa.selenium.remote.service.DriverCommandExecutor.invokeExecute(DriverCommandExecutor.java:167)
	at org.openqa.selenium.remote.service.DriverCommandExecutor.execute(DriverCommandExecutor.java:142)
	at org.openqa.selenium.remote.RemoteWebDriver.execute(RemoteWebDriver.java:558)
	at org.openqa.selenium.remote.ElementLocation$ElementFinder$2.findElement(ElementLocation.java:162)
	at org.openqa.selenium.remote.ElementLocation.findElement(ElementLocation.java:60)
	at org.openqa.selenium.remote.RemoteWebDriver.findElement(RemoteWebDriver.java:382)
	at org.openqa.selenium.remote.RemoteWebDriver.findElement(RemoteWebDriver.java:374)
	at org.openqa.selenium.support.pagefactory.DefaultElementLocator.findElement(DefaultElementLocator.java:70)
	at org.openqa.selenium.support.pagefactory.internal.LocatingElementHandler.invoke(LocatingElementHandler.java:39)
	at jdk.proxy2/jdk.proxy2.$Proxy34.getText(Unknown Source)
	at PaceMatic.OHRMAppTests.OHRMForgotPasswordTest.ForgotPasswordTest(OHRMForgotPasswordTest.java:67)
	at java.base/java.util.ArrayList.forEach(ArrayList.java:1511)
... Removed 36 stack frames</div></td></tr></table><p class="totop"><a href="#summary">back to summary</a></p>
<h3 id="m2">PaceMatic.OHRMAppTests.OHRMLoginLogoutTestNGTest#loginLogoutTest</h3><table class="result"><tr><th>Exception</th></tr><tr><td><div class="stacktrace">java.lang.AssertionError: StepFail: Not on login page after logout expected [false] but found [true]
	at PaceMatic.OHRMAppTests.OHRMLoginLogoutTestNGTest.loginLogoutTest(OHRMLoginLogoutTestNGTest.java:53)
	at java.base/java.util.ArrayList.forEach(ArrayList.java:1511)
... Removed 34 stack frames</div></td></tr></table><p class="totop"><a href="#summary">back to summary</a></p>
<h3 id="m3">PaceMatic.OHRMAppTests.OHRMLoginLogout#mainMethod</h3><table class="result"><tr><th class="invisible"/></tr></table><p class="totop"><a href="#summary">back to summary</a></p>
<h2>QAClick</h2><h3 id="m4">PaceMatic.qaClickAppTests.ValidateNavigationBar#NavigationBarTest</h3><table class="result"><tr><th>Exception</th></tr><tr><td><div class="stacktrace">java.lang.AssertionError: expected [false] but found [true]
	at PaceMatic.qaClickAppTests.ValidateNavigationBar.NavigationBarTest(ValidateNavigationBar.java:35)
	at java.base/java.util.ArrayList.forEach(ArrayList.java:1511)
... Removed 35 stack frames</div></td></tr></table><p class="totop"><a href="#summary">back to summary</a></p>
<h3 id="m5">PaceMatic.qaClickAppTests.HomePageTest#BasePageNavigation</h3><table class="result"><tr class="param"><th>Parameter #1</th><th>Parameter #2</th><th>Parameter #3</th></tr><tr class="param stripe"><td>fg@hi.com</td><td>pass3</td><td>test3</td></tr></table><p class="totop"><a href="#summary">back to summary</a></p>
<h3 id="m6">PaceMatic.qaClickAppTests.HomePageTest#BasePageNavigation</h3><table class="result"><tr class="param"><th>Parameter #1</th><th>Parameter #2</th><th>Parameter #3</th></tr><tr class="param stripe"><td>cd@de.com</td><td>pass2</td><td>test2</td></tr></table><p class="totop"><a href="#summary">back to summary</a></p>
<h3 id="m7">PaceMatic.qaClickAppTests.HomePageTest#BasePageNavigation</h3><table class="result"><tr class="param"><th>Parameter #1</th><th>Parameter #2</th><th>Parameter #3</th></tr><tr class="param stripe"><td>ab@bc.com</td><td>pass1</td><td>test1</td></tr></table><p class="totop"><a href="#summary">back to summary</a></p>
<h3 id="m8">PaceMatic.qaClickAppTests.ValidateTitle#TitleTest</h3><table class="result"><tr><th class="invisible"/></tr></table><p class="totop"><a href="#summary">back to summary</a></p>
<h2>Test</h2><h3 id="m9">cucumberOptions.TestRunner#runScenario</h3><table class="result"><tr class="param"><th>Parameter #1</th><th>Parameter #2</th></tr><tr class="param stripe"><td>&quot;OrangeHRM login with multiple invalid data set&quot;</td><td>&quot;Optional[OrangeHRM Login]&quot;</td></tr></table><p class="totop"><a href="#summary">back to summary</a></p>
<h3 id="m10">cucumberOptions.TestRunner#runScenario</h3><table class="result"><tr class="param"><th>Parameter #1</th><th>Parameter #2</th></tr><tr class="param stripe"><td>&quot;OrangeHRM login with multiple invalid data set&quot;</td><td>&quot;Optional[OrangeHRM Login]&quot;</td></tr></table><p class="totop"><a href="#summary">back to summary</a></p>
<h3 id="m11">cucumberOptions.TestRunner#runScenario</h3><table class="result"><tr class="param"><th>Parameter #1</th><th>Parameter #2</th></tr><tr class="param stripe"><td>&quot;OrangeHRM Default login&quot;</td><td>&quot;Optional[OrangeHRM Login]&quot;</td></tr></table><p class="totop"><a href="#summary">back to summary</a></p>
<h3 id="m12">cucumberOptions.TestRunner#runScenario</h3><table class="result"><tr class="param"><th>Parameter #1</th><th>Parameter #2</th></tr><tr class="param stripe"><td>&quot;OrangeHRM Invalid Login&quot;</td><td>&quot;Optional[OrangeHRM Login]&quot;</td></tr></table><p class="totop"><a href="#summary">back to summary</a></p>
<h3 id="m13">cucumberOptions.TestRunner#runScenario</h3><table class="result"><tr class="param"><th>Parameter #1</th><th>Parameter #2</th></tr><tr class="param stripe"><td>&quot;OrangeHRM login with multiple invalid data set&quot;</td><td>&quot;Optional[OrangeHRM Login]&quot;</td></tr></table><p class="totop"><a href="#summary">back to summary</a></p>
</body>
</html>
